-------------------------------------------------------------------------------
Test set: food.delivery.DeliveryApplicationTests
-------------------------------------------------------------------------------
Tests run: 1, Failures: 0, Errors: 1, Skipped: 0, Time elapsed: 9.738 s <<< FAILURE! - in food.delivery.DeliveryApplicationTests
contextLoads  Time elapsed: 0.019 s  <<< ERROR!
java.lang.IllegalStateException: Failed to load ApplicationContext
Caused by: org.springframework.beans.factory.UnsatisfiedDependencyException: Error creating bean with name 'telegramBot' defined in file [C:\Users\Yusuf\AAAAA\javaprojects\MyProjects\delivery2\target\classes\food\delivery\telegram\TelegramBot.class]: Unsatisfied dependency expressed through constructor parameter 0; nested exception is org.springframework.beans.factory.BeanCreationException: Error creating bean with name 'botConfig': Injection of autowired dependencies failed; nested exception is java.lang.IllegalArgumentException: Could not resolve placeholder 'main.domain' in value "${main.domain}"
Caused by: org.springframework.beans.factory.BeanCreationException: Error creating bean with name 'botConfig': Injection of autowired dependencies failed; nested exception is java.lang.IllegalArgumentException: Could not resolve placeholder 'main.domain' in value "${main.domain}"
Caused by: java.lang.IllegalArgumentException: Could not resolve placeholder 'main.domain' in value "${main.domain}"

